<?xml version="1.0" encoding="UTF-8" ?>
<testsuite failures="0" time="0.096" errors="0" skipped="0" tests="4" name="no.donkeylube.donkeyslug.FightingTest">
  <properties>
    <property name="java.runtime.name" value="Java(TM) SE Runtime Environment"/>
    <property name="sun.boot.library.path" value="c:\Program Files\Java\jdk1.6.0_21\jre\bin"/>
    <property name="java.vm.version" value="17.0-b17"/>
    <property name="java.vm.vendor" value="Sun Microsystems Inc."/>
    <property name="java.vendor.url" value="http://java.sun.com/"/>
    <property name="path.separator" value=";"/>
    <property name="java.vm.name" value="Java HotSpot(TM) 64-Bit Server VM"/>
    <property name="file.encoding.pkg" value="sun.io"/>
    <property name="user.country" value="NO"/>
    <property name="sun.java.launcher" value="SUN_STANDARD"/>
    <property name="sun.os.patch.level" value=""/>
    <property name="java.vm.specification.name" value="Java Virtual Machine Specification"/>
    <property name="user.dir" value="M:\codespace\maven\donkeyslug"/>
    <property name="java.runtime.version" value="1.6.0_21-b07"/>
    <property name="java.awt.graphicsenv" value="sun.awt.Win32GraphicsEnvironment"/>
    <property name="basedir" value="M:\codespace\maven\donkeyslug"/>
    <property name="java.endorsed.dirs" value="c:\Program Files\Java\jdk1.6.0_21\jre\lib\endorsed"/>
    <property name="os.arch" value="amd64"/>
    <property name="surefire.real.class.path" value="M:\codespace\maven\donkeyslug\target\surefire\surefirebooter2001578233402966370.jar"/>
    <property name="java.io.tmpdir" value="C:\Users\bjornkri\AppData\Local\Temp\"/>
    <property name="line.separator" value="
"/>
    <property name="java.vm.specification.vendor" value="Sun Microsystems Inc."/>
    <property name="user.variant" value=""/>
    <property name="os.name" value="Windows 7"/>
    <property name="sun.jnu.encoding" value="Cp1252"/>
    <property name="java.library.path" value="c:\Program Files\Java\jdk1.6.0_21\jre\bin;.;C:\Windows\Sun\Java\bin;C:\Windows\system32;C:\Windows;C:\Windows\system32;C:\Windows;C:\Windows\System32\Wbem;C:\Windows\System32\WindowsPowerShell\v1.0\;c:\bin\perl\bin;c:\bin\tools;C:\Program Files\MySQL\MySQL Server 5.1\bin;C:\Program Files\MySQL\MySQL Server 5.5\bin;c:\Program Files (x86)\QuickTime\QTSystem\;C:\Ruby\bin;C:\Program Files\scala\bin;d:\Programmer\svn-win32-1.6.16\bin\;d:\Programmer\Git\bin\;d:\Programmer\apache-maven-3.0.3\bin\;c:\Program Files\Java\jdk1.6.0_21\bin\"/>
    <property name="surefire.test.class.path" value="M:\codespace\maven\donkeyslug\target\test-classes;M:\codespace\maven\donkeyslug\target\classes;M:\pc\.m2\repository\junit\junit\4.8.2\junit-4.8.2.jar;M:\pc\.m2\repository\org\mockito\mockito-all\1.8.5\mockito-all-1.8.5.jar;M:\pc\.m2\repository\log4j\log4j\1.2.16\log4j-1.2.16.jar;M:\pc\.m2\repository\org\hamcrest\hamcrest-all\1.1\hamcrest-all-1.1.jar;"/>
    <property name="java.specification.name" value="Java Platform API Specification"/>
    <property name="java.class.version" value="50.0"/>
    <property name="sun.management.compiler" value="HotSpot 64-Bit Server Compiler"/>
    <property name="os.version" value="6.1"/>
    <property name="user.home" value="M:\pc"/>
    <property name="user.timezone" value=""/>
    <property name="java.awt.printerjob" value="sun.awt.windows.WPrinterJob"/>
    <property name="java.specification.version" value="1.6"/>
    <property name="file.encoding" value="Cp1252"/>
    <property name="user.name" value="bjornkri"/>
    <property name="java.class.path" value="M:\codespace\maven\donkeyslug\target\test-classes;M:\codespace\maven\donkeyslug\target\classes;M:\pc\.m2\repository\junit\junit\4.8.2\junit-4.8.2.jar;M:\pc\.m2\repository\org\mockito\mockito-all\1.8.5\mockito-all-1.8.5.jar;M:\pc\.m2\repository\log4j\log4j\1.2.16\log4j-1.2.16.jar;M:\pc\.m2\repository\org\hamcrest\hamcrest-all\1.1\hamcrest-all-1.1.jar;"/>
    <property name="java.vm.specification.version" value="1.0"/>
    <property name="sun.arch.data.model" value="64"/>
    <property name="java.home" value="c:\Program Files\Java\jdk1.6.0_21\jre"/>
    <property name="java.specification.vendor" value="Sun Microsystems Inc."/>
    <property name="user.language" value="no"/>
    <property name="awt.toolkit" value="sun.awt.windows.WToolkit"/>
    <property name="java.vm.info" value="mixed mode"/>
    <property name="java.version" value="1.6.0_21"/>
    <property name="java.ext.dirs" value="c:\Program Files\Java\jdk1.6.0_21\jre\lib\ext;C:\Windows\Sun\Java\lib\ext"/>
    <property name="sun.boot.class.path" value="c:\Program Files\Java\jdk1.6.0_21\jre\lib\resources.jar;c:\Program Files\Java\jdk1.6.0_21\jre\lib\rt.jar;c:\Program Files\Java\jdk1.6.0_21\jre\lib\sunrsasign.jar;c:\Program Files\Java\jdk1.6.0_21\jre\lib\jsse.jar;c:\Program Files\Java\jdk1.6.0_21\jre\lib\jce.jar;c:\Program Files\Java\jdk1.6.0_21\jre\lib\charsets.jar;c:\Program Files\Java\jdk1.6.0_21\jre\classes"/>
    <property name="java.vendor" value="Sun Microsystems Inc."/>
    <property name="localRepository" value="M:\pc\.m2\repository"/>
    <property name="file.separator" value="\"/>
    <property name="java.vendor.url.bug" value="http://java.sun.com/cgi-bin/bugreport.cgi"/>
    <property name="sun.cpu.endian" value="little"/>
    <property name="sun.io.unicode.encoding" value="UnicodeLittle"/>
    <property name="sun.desktop" value="windows"/>
    <property name="sun.cpu.isalist" value="amd64"/>
  </properties>
  <testcase time="0.049" classname="no.donkeylube.donkeyslug.FightingTest" name="playerShouldKillTrainingDummy"/>
  <testcase time="0.019" classname="no.donkeylube.donkeyslug.FightingTest" name="testFightReport"/>
  <testcase time="0.02" classname="no.donkeylube.donkeyslug.FightingTest" name="playerShouldFightsEnemyWhenTryingToMoveToItsLocation"/>
  <testcase time="0.003" classname="no.donkeylube.donkeyslug.FightingTest" name="testPlayerShouldBeAbleToMoveOverDeadEnemies"/>
</testsuite>